<?xml version="1.0" encoding="UTF-8"?>
<!-- Generated by org.testng.reporters.JUnitXMLReporter -->
<testsuite hostname="VIKRANT" name="Practice Grouping" tests="3" failures="0" timestamp="13 Oct 2017 05:09:28 GMT" time="0.078" errors="0">
  <testcase name="Car1" time="0.019" classname="testng_group.grouping"/>
  <testcase name="Car2" time="0.003" classname="testng_group.grouping"/>
  <testcase name="Sedan1" time="0.002" classname="testng_group.grouping"/>
</testsuite> <!-- Practice Grouping -->
